# JRE version: OpenJDK Runtime Environment Temurin-17.0.6+10 (17.0.6+10) (build 17.0.6+10)
# Java VM: OpenJDK 64-Bit Server VM Temurin-17.0.6+10 (17.0.6+10, mixed mode, tiered, compressed oops, compressed class ptrs, g1 gc, windows-amd64)
GC Precious Log:
 CPUs: 8 total, 8 available
 Memory: 7930M
 Large Page Support: Disabled
 NUMA Support: Disabled
 Compressed Oops: Enabled (32-bit)
 Heap Region Size: 1M
 Heap Min Capacity: 8M
 Heap Initial Capacity: 124M
 Heap Max Capacity: 1984M
 Pre-touch: Disabled
 Parallel Workers: 8
 Concurrent Workers: 2
 Concurrent Refinement Workers: 8
 Periodic GC: Disabled
Heap:
 garbage-first heap   total 126976K, used 52668K [0x0000000084000000, 0x0000000100000000)
  region size 1024K, 1 young (1024K), 1 survivors (1024K)
 Metaspace       used 16214K, committed 16384K, reserved 1064960K
  class space    used 1566K, committed 1664K, reserved 1048576K
GC Heap History (15 events):
Event: 118.547 GC heap before
{Heap before GC invocations=0 (full 0):
 garbage-first heap   total 126976K, used 24576K [0x0000000084000000, 0x0000000100000000)
  region size 1024K, 23 young (23552K), 0 survivors (0K)
 Metaspace       used 16050K, committed 16256K, reserved 1064960K
  class space    used 1564K, committed 1664K, reserved 1048576K
}
Event: 118.550 GC heap after
{Heap after GC invocations=1 (full 0):
 garbage-first heap   total 126976K, used 4010K [0x0000000084000000, 0x0000000100000000)
  region size 1024K, 3 young (3072K), 3 survivors (3072K)
 Metaspace       used 16050K, committed 16256K, reserved 1064960K
  class space    used 1564K, committed 1664K, reserved 1048576K
}
Event: 128.374 GC heap before
{Heap before GC invocations=1 (full 0):
 garbage-first heap   total 126976K, used 68522K [0x0000000084000000, 0x0000000100000000)
  region size 1024K, 13 young (13312K), 3 survivors (3072K)
 Metaspace       used 16214K, committed 16384K, reserved 1064960K
  class space    used 1566K, committed 1664K, reserved 1048576K
}
Event: 128.377 GC heap after
{Heap after GC invocations=2 (full 0):
 garbage-first heap   total 126976K, used 59263K [0x0000000084000000, 0x0000000100000000)
  region size 1024K, 1 young (1024K), 1 survivors (1024K)
 Metaspace       used 16214K, committed 16384K, reserved 1064960K
  class space    used 1566K, committed 1664K, reserved 1048576K
}
Event: 128.392 GC heap before
{Heap before GC invocations=3 (full 0):
 garbage-first heap   total 126976K, used 61311K [0x0000000084000000, 0x0000000100000000)
  region size 1024K, 2 young (2048K), 1 survivors (1024K)
 Metaspace       used 16214K, committed 16384K, reserved 1064960K
  class space    used 1566K, committed 1664K, reserved 1048576K
}
Event: 128.393 GC heap after
{Heap after GC invocations=4 (full 0):
 garbage-first heap   total 126976K, used 7709K [0x0000000084000000, 0x0000000100000000)
  region size 1024K, 1 young (1024K), 1 survivors (1024K)
 Metaspace       used 16214K, committed 16384K, reserved 1064960K
  class space    used 1566K, committed 1664K, reserved 1048576K
}
Event: 128.607 GC heap before
{Heap before GC invocations=4 (full 0):
 garbage-first heap   total 126976K, used 61981K [0x0000000084000000, 0x0000000100000000)
  region size 1024K, 7 young (7168K), 1 survivors (1024K)
 Metaspace       used 16214K, committed 16384K, reserved 1064960K
  class space    used 1566K, committed 1664K, reserved 1048576K
}
Event: 128.608 GC heap after
{Heap after GC invocations=5 (full 0):
 garbage-first heap   total 126976K, used 54742K [0x0000000084000000, 0x0000000100000000)
  region size 1024K, 1 young (1024K), 1 survivors (1024K)
 Metaspace       used 16214K, committed 16384K, reserved 1064960K
  class space    used 1566K, committed 1664K, reserved 1048576K
}
Event: 128.615 GC heap before
{Heap before GC invocations=5 (full 0):
 garbage-first heap   total 126976K, used 56790K [0x0000000084000000, 0x0000000100000000)
  region size 1024K, 2 young (2048K), 1 survivors (1024K)
 Metaspace       used 16214K, committed 16384K, reserved 1064960K
  class space    used 1566K, committed 1664K, reserved 1048576K
}
Event: 128.616 GC heap after
{Heap after GC invocations=6 (full 0):
 garbage-first heap   total 126976K, used 7612K [0x0000000084000000, 0x0000000100000000)
  region size 1024K, 1 young (1024K), 1 survivors (1024K)
 Metaspace       used 16214K, committed 16384K, reserved 1064960K
  class space    used 1566K, committed 1664K, reserved 1048576K
}
Event: 128.950 GC heap before
{Heap before GC invocations=6 (full 0):
 garbage-first heap   total 126976K, used 60860K [0x0000000084000000, 0x0000000100000000)
  region size 1024K, 6 young (6144K), 1 survivors (1024K)
 Metaspace       used 16214K, committed 16384K, reserved 1064960K
  class space    used 1566K, committed 1664K, reserved 1048576K
}
Event: 128.950 GC heap after
{Heap after GC invocations=7 (full 0):
 garbage-first heap   total 126976K, used 54718K [0x0000000084000000, 0x0000000100000000)
  region size 1024K, 1 young (1024K), 1 survivors (1024K)
 Metaspace       used 16214K, committed 16384K, reserved 1064960K
  class space    used 1566K, committed 1664K, reserved 1048576K
}
Event: 128.977 GC heap before
{Heap before GC invocations=7 (full 0):
 garbage-first heap   total 126976K, used 56766K [0x0000000084000000, 0x0000000100000000)
  region size 1024K, 2 young (2048K), 1 survivors (1024K)
 Metaspace       used 16214K, committed 16384K, reserved 1064960K
  class space    used 1566K, committed 1664K, reserved 1048576K
}
Event: 128.978 GC heap after
{Heap after GC invocations=8 (full 0):
 garbage-first heap   total 126976K, used 7606K [0x0000000084000000, 0x0000000100000000)
  region size 1024K, 1 young (1024K), 1 survivors (1024K)
 Metaspace       used 16214K, committed 16384K, reserved 1064960K
  class space    used 1566K, committed 1664K, reserved 1048576K
}
Event: 129.453 GC heap before
{Heap before GC invocations=8 (full 0):
 garbage-first heap   total 126976K, used 58806K [0x0000000084000000, 0x0000000100000000)
  region size 1024K, 6 young (6144K), 1 survivors (1024K)
 Metaspace       used 16214K, committed 16384K, reserved 1064960K
  class space    used 1566K, committed 1664K, reserved 1048576K
}

